2021-12-22 11:22:48.313  INFO 644 --- [main] com.DemoGraphqlApplication               : Starting DemoGraphqlApplication using Java 17.0.1 on ORIS with PID 644 (C:\Users\Oris\IdeaProjects\demoGraphql\target\classes started by Oris in C:\Users\Oris\IdeaProjects\demoGraphql)
2021-12-22 11:22:48.328  INFO 644 --- [main] com.DemoGraphqlApplication               : No active profile set, falling back to default profiles: default
2021-12-22 11:22:52.936  INFO 644 --- [main] .s.d.r.c.RepositoryConfigurationDelegate : Bootstrapping Spring Data JPA repositories in DEFAULT mode.
2021-12-22 11:22:53.563  INFO 644 --- [main] .s.d.r.c.RepositoryConfigurationDelegate : Finished Spring Data repository scanning in 620 ms. Found 2 JPA repository interfaces.
2021-12-22 11:22:55.971  INFO 644 --- [main] o.s.b.w.embedded.tomcat.TomcatWebServer  : Tomcat initialized with port(s): 8080 (http)
2021-12-22 11:22:55.987  INFO 644 --- [main] o.apache.catalina.core.StandardService   : Starting service [Tomcat]
2021-12-22 11:22:55.987  INFO 644 --- [main] org.apache.catalina.core.StandardEngine  : Starting Servlet engine: [Apache Tomcat/9.0.55]
2021-12-22 11:22:56.109  INFO 644 --- [main] o.a.c.c.C.[Tomcat].[localhost].[/]       : Initializing Spring embedded WebApplicationContext
2021-12-22 11:22:56.109  INFO 644 --- [main] w.s.c.ServletWebServerApplicationContext : Root WebApplicationContext: initialization completed in 7600 ms
2021-12-22 11:22:56.388  INFO 644 --- [main] o.hibernate.jpa.internal.util.LogHelper  : HHH000204: Processing PersistenceUnitInfo [name: default]
2021-12-22 11:22:56.458  INFO 644 --- [main] org.hibernate.Version                    : HHH000412: Hibernate ORM core version 5.6.1.Final
2021-12-22 11:22:56.596  INFO 644 --- [main] o.hibernate.annotations.common.Version   : HCANN000001: Hibernate Commons Annotations {5.1.2.Final}
2021-12-22 11:22:56.711  INFO 644 --- [main] com.zaxxer.hikari.HikariDataSource       : HikariPool-1 - Starting...
2021-12-22 11:22:56.858  INFO 644 --- [main] com.zaxxer.hikari.HikariDataSource       : HikariPool-1 - Start completed.
2021-12-22 11:22:56.874  INFO 644 --- [main] org.hibernate.dialect.Dialect            : HHH000400: Using dialect: org.hibernate.dialect.MySQLDialect
2021-12-22 11:22:58.364  INFO 644 --- [main] o.h.e.t.j.p.i.JtaPlatformInitiator       : HHH000490: Using JtaPlatform implementation: [org.hibernate.engine.transaction.jta.platform.internal.NoJtaPlatform]
2021-12-22 11:22:58.379  INFO 644 --- [main] j.LocalContainerEntityManagerFactoryBean : Initialized JPA EntityManagerFactory for persistence unit 'default'
2021-12-22 11:22:59.115  WARN 644 --- [main] c.c.graphql.tools.SchemaClassScanner     : Schema type was defined but can never be accessed, and can be safely deleted: Category
2021-12-22 11:22:59.482  WARN 644 --- [main] JpaBaseConfiguration$JpaWebConfiguration : spring.jpa.open-in-view is enabled by default. Therefore, database queries may be performed during view rendering. Explicitly configure spring.jpa.open-in-view to disable this warning
2021-12-22 11:23:00.137  INFO 644 --- [main] o.s.b.w.embedded.tomcat.TomcatWebServer  : Tomcat started on port(s): 8080 (http) with context path ''
2021-12-22 11:23:00.137  INFO 644 --- [main] d.s.w.p.DocumentationPluginsBootstrapper : Context refreshed
2021-12-22 11:23:00.153  INFO 644 --- [main] d.s.w.p.DocumentationPluginsBootstrapper : Found 1 custom documentation plugin(s)
2021-12-22 11:23:00.153  WARN 644 --- [main] ConfigServletWebServerApplicationContext : Exception encountered during context initialization - cancelling refresh attempt: org.springframework.context.ApplicationContextException: Failed to start bean 'documentationPluginsBootstrapper'; nested exception is java.lang.NullPointerException: Cannot invoke "org.springframework.web.servlet.mvc.condition.PatternsRequestCondition.toString()" because the return value of "springfox.documentation.spi.service.contexts.Orderings.patternsCondition(springfox.documentation.RequestHandler)" is null
2021-12-22 11:23:00.153  INFO 644 --- [main] j.LocalContainerEntityManagerFactoryBean : Closing JPA EntityManagerFactory for persistence unit 'default'
2021-12-22 11:23:00.153  INFO 644 --- [main] com.zaxxer.hikari.HikariDataSource       : HikariPool-1 - Shutdown initiated...
2021-12-22 11:23:00.169  INFO 644 --- [main] com.zaxxer.hikari.HikariDataSource       : HikariPool-1 - Shutdown completed.
2021-12-22 11:23:00.169  INFO 644 --- [main] o.apache.catalina.core.StandardService   : Stopping service [Tomcat]
2021-12-22 11:23:00.200  INFO 644 --- [main] ConditionEvaluationReportLoggingListener : 

Error starting ApplicationContext. To display the conditions report re-run your application with 'debug' enabled.
2021-12-22 11:23:00.216 ERROR 644 --- [main] o.s.boot.SpringApplication               : Application run failed

org.springframework.context.ApplicationContextException: Failed to start bean 'documentationPluginsBootstrapper'; nested exception is java.lang.NullPointerException: Cannot invoke "org.springframework.web.servlet.mvc.condition.PatternsRequestCondition.toString()" because the return value of "springfox.documentation.spi.service.contexts.Orderings.patternsCondition(springfox.documentation.RequestHandler)" is null
	at org.springframework.context.support.DefaultLifecycleProcessor.doStart(DefaultLifecycleProcessor.java:181) ~[spring-context-5.3.13.jar:5.3.13]
	at org.springframework.context.support.DefaultLifecycleProcessor.access$200(DefaultLifecycleProcessor.java:54) ~[spring-context-5.3.13.jar:5.3.13]
	at org.springframework.context.support.DefaultLifecycleProcessor$LifecycleGroup.start(DefaultLifecycleProcessor.java:356) ~[spring-context-5.3.13.jar:5.3.13]
	at java.base/java.lang.Iterable.forEach(Iterable.java:75) ~[na:na]
	at org.springframework.context.support.DefaultLifecycleProcessor.startBeans(DefaultLifecycleProcessor.java:155) ~[spring-context-5.3.13.jar:5.3.13]
	at org.springframework.context.support.DefaultLifecycleProcessor.onRefresh(DefaultLifecycleProcessor.java:123) ~[spring-context-5.3.13.jar:5.3.13]
	at org.springframework.context.support.AbstractApplicationContext.finishRefresh(AbstractApplicationContext.java:935) ~[spring-context-5.3.13.jar:5.3.13]
	at org.springframework.context.support.AbstractApplicationContext.refresh(AbstractApplicationContext.java:586) ~[spring-context-5.3.13.jar:5.3.13]
	at org.springframework.boot.web.servlet.context.ServletWebServerApplicationContext.refresh(ServletWebServerApplicationContext.java:145) ~[spring-boot-2.6.1.jar:2.6.1]
	at org.springframework.boot.SpringApplication.refresh(SpringApplication.java:730) ~[spring-boot-2.6.1.jar:2.6.1]
	at org.springframework.boot.SpringApplication.refreshContext(SpringApplication.java:412) ~[spring-boot-2.6.1.jar:2.6.1]
	at org.springframework.boot.SpringApplication.run(SpringApplication.java:302) ~[spring-boot-2.6.1.jar:2.6.1]
	at org.springframework.boot.SpringApplication.run(SpringApplication.java:1301) ~[spring-boot-2.6.1.jar:2.6.1]
	at org.springframework.boot.SpringApplication.run(SpringApplication.java:1290) ~[spring-boot-2.6.1.jar:2.6.1]
	at com.DemoGraphqlApplication.main(DemoGraphqlApplication.java:15) ~[classes/:na]
Caused by: java.lang.NullPointerException: Cannot invoke "org.springframework.web.servlet.mvc.condition.PatternsRequestCondition.toString()" because the return value of "springfox.documentation.spi.service.contexts.Orderings.patternsCondition(springfox.documentation.RequestHandler)" is null
	at springfox.documentation.spi.service.contexts.Orderings$8.compare(Orderings.java:113) ~[springfox-spi-2.6.1.jar:2.6.1]
	at springfox.documentation.spi.service.contexts.Orderings$8.compare(Orderings.java:110) ~[springfox-spi-2.6.1.jar:2.6.1]
	at com.google.common.collect.ComparatorOrdering.compare(ComparatorOrdering.java:37) ~[guava-26.0-jre.jar:na]
	at java.base/java.util.TimSort.countRunAndMakeAscending(TimSort.java:355) ~[na:na]
	at java.base/java.util.TimSort.sort(TimSort.java:220) ~[na:na]
	at java.base/java.util.Arrays.sort(Arrays.java:1233) ~[na:na]
	at com.google.common.collect.Ordering.sortedCopy(Ordering.java:852) ~[guava-26.0-jre.jar:na]
	at springfox.documentation.spring.web.plugins.WebMvcRequestHandlerProvider.requestHandlers(WebMvcRequestHandlerProvider.java:52) ~[springfox-spring-web-2.6.1.jar:2.6.1]
	at springfox.documentation.spring.web.plugins.DocumentationPluginsBootstrapper$1.apply(DocumentationPluginsBootstrapper.java:102) ~[springfox-spring-web-2.6.1.jar:2.6.1]
	at springfox.documentation.spring.web.plugins.DocumentationPluginsBootstrapper$1.apply(DocumentationPluginsBootstrapper.java:99) ~[springfox-spring-web-2.6.1.jar:2.6.1]
	at com.google.common.collect.Iterators$6.transform(Iterators.java:785) ~[guava-26.0-jre.jar:na]
	at com.google.common.collect.TransformedIterator.next(TransformedIterator.java:47) ~[guava-26.0-jre.jar:na]
	at com.google.common.collect.TransformedIterator.next(TransformedIterator.java:47) ~[guava-26.0-jre.jar:na]
	at com.google.common.collect.Iterators$ConcatenatedIterator.hasNext(Iterators.java:1332) ~[guava-26.0-jre.jar:na]
	at com.google.common.collect.ImmutableList.copyOf(ImmutableList.java:270) ~[guava-26.0-jre.jar:na]
	at com.google.common.collect.ImmutableList.copyOf(ImmutableList.java:234) ~[guava-26.0-jre.jar:na]
	at com.google.common.collect.FluentIterable.toList(FluentIterable.java:617) ~[guava-26.0-jre.jar:na]
	at springfox.documentation.spring.web.plugins.DocumentationPluginsBootstrapper.defaultContextBuilder(DocumentationPluginsBootstrapper.java:92) ~[springfox-spring-web-2.6.1.jar:2.6.1]
	at springfox.documentation.spring.web.plugins.DocumentationPluginsBootstrapper.buildContext(DocumentationPluginsBootstrapper.java:81) ~[springfox-spring-web-2.6.1.jar:2.6.1]
	at springfox.documentation.spring.web.plugins.DocumentationPluginsBootstrapper.start(DocumentationPluginsBootstrapper.java:127) ~[springfox-spring-web-2.6.1.jar:2.6.1]
	at org.springframework.context.support.DefaultLifecycleProcessor.doStart(DefaultLifecycleProcessor.java:178) ~[spring-context-5.3.13.jar:5.3.13]
	... 14 common frames omitted

2021-12-22 11:23:37.808  INFO 15008 --- [main] com.DemoGraphqlApplication               : Starting DemoGraphqlApplication using Java 17.0.1 on ORIS with PID 15008 (C:\Users\Oris\IdeaProjects\demoGraphql\target\classes started by Oris in C:\Users\Oris\IdeaProjects\demoGraphql)
2021-12-22 11:23:37.811  INFO 15008 --- [main] com.DemoGraphqlApplication               : No active profile set, falling back to default profiles: default
2021-12-22 11:23:42.777  INFO 15008 --- [main] .s.d.r.c.RepositoryConfigurationDelegate : Bootstrapping Spring Data JPA repositories in DEFAULT mode.
2021-12-22 11:23:43.315  INFO 15008 --- [main] .s.d.r.c.RepositoryConfigurationDelegate : Finished Spring Data repository scanning in 527 ms. Found 2 JPA repository interfaces.
2021-12-22 11:23:43.958  INFO 15008 --- [main] o.s.b.w.embedded.tomcat.TomcatWebServer  : Tomcat initialized with port(s): 8080 (http)
2021-12-22 11:23:43.972  INFO 15008 --- [main] o.apache.catalina.core.StandardService   : Starting service [Tomcat]
2021-12-22 11:23:43.972  INFO 15008 --- [main] org.apache.catalina.core.StandardEngine  : Starting Servlet engine: [Apache Tomcat/9.0.55]
2021-12-22 11:23:44.147  INFO 15008 --- [main] o.a.c.c.C.[Tomcat].[localhost].[/]       : Initializing Spring embedded WebApplicationContext
2021-12-22 11:23:44.147  INFO 15008 --- [main] w.s.c.ServletWebServerApplicationContext : Root WebApplicationContext: initialization completed in 6268 ms
2021-12-22 11:23:44.435  INFO 15008 --- [main] o.hibernate.jpa.internal.util.LogHelper  : HHH000204: Processing PersistenceUnitInfo [name: default]
2021-12-22 11:23:44.505  INFO 15008 --- [main] org.hibernate.Version                    : HHH000412: Hibernate ORM core version 5.6.1.Final
2021-12-22 11:23:45.084  INFO 15008 --- [main] o.hibernate.annotations.common.Version   : HCANN000001: Hibernate Commons Annotations {5.1.2.Final}
2021-12-22 11:23:45.373  INFO 15008 --- [main] com.zaxxer.hikari.HikariDataSource       : HikariPool-1 - Starting...
2021-12-22 11:23:45.572  INFO 15008 --- [main] com.zaxxer.hikari.HikariDataSource       : HikariPool-1 - Start completed.
2021-12-22 11:23:45.583  INFO 15008 --- [main] org.hibernate.dialect.Dialect            : HHH000400: Using dialect: org.hibernate.dialect.MySQLDialect
2021-12-22 11:23:46.227  INFO 15008 --- [main] o.h.e.t.j.p.i.JtaPlatformInitiator       : HHH000490: Using JtaPlatform implementation: [org.hibernate.engine.transaction.jta.platform.internal.NoJtaPlatform]
2021-12-22 11:23:46.243  INFO 15008 --- [main] j.LocalContainerEntityManagerFactoryBean : Initialized JPA EntityManagerFactory for persistence unit 'default'
2021-12-22 11:23:47.023  WARN 15008 --- [main] c.c.graphql.tools.SchemaClassScanner     : Schema type was defined but can never be accessed, and can be safely deleted: Category
2021-12-22 11:23:47.460  WARN 15008 --- [main] JpaBaseConfiguration$JpaWebConfiguration : spring.jpa.open-in-view is enabled by default. Therefore, database queries may be performed during view rendering. Explicitly configure spring.jpa.open-in-view to disable this warning
2021-12-22 11:23:48.003  INFO 15008 --- [main] o.s.b.w.embedded.tomcat.TomcatWebServer  : Tomcat started on port(s): 8080 (http) with context path ''
2021-12-22 11:23:48.005  INFO 15008 --- [main] d.s.w.p.DocumentationPluginsBootstrapper : Context refreshed
2021-12-22 11:23:48.029  INFO 15008 --- [main] d.s.w.p.DocumentationPluginsBootstrapper : Found 1 custom documentation plugin(s)
2021-12-22 11:23:48.034  WARN 15008 --- [main] ConfigServletWebServerApplicationContext : Exception encountered during context initialization - cancelling refresh attempt: org.springframework.context.ApplicationContextException: Failed to start bean 'documentationPluginsBootstrapper'; nested exception is java.lang.NullPointerException: Cannot invoke "org.springframework.web.servlet.mvc.condition.PatternsRequestCondition.toString()" because the return value of "springfox.documentation.spi.service.contexts.Orderings.patternsCondition(springfox.documentation.RequestHandler)" is null
2021-12-22 11:23:48.042  INFO 15008 --- [main] j.LocalContainerEntityManagerFactoryBean : Closing JPA EntityManagerFactory for persistence unit 'default'
2021-12-22 11:23:48.046  INFO 15008 --- [main] com.zaxxer.hikari.HikariDataSource       : HikariPool-1 - Shutdown initiated...
2021-12-22 11:23:48.057  INFO 15008 --- [main] com.zaxxer.hikari.HikariDataSource       : HikariPool-1 - Shutdown completed.
2021-12-22 11:23:48.076  INFO 15008 --- [main] o.apache.catalina.core.StandardService   : Stopping service [Tomcat]
2021-12-22 11:23:48.098  INFO 15008 --- [main] ConditionEvaluationReportLoggingListener : 

Error starting ApplicationContext. To display the conditions report re-run your application with 'debug' enabled.
2021-12-22 11:23:48.134 ERROR 15008 --- [main] o.s.boot.SpringApplication               : Application run failed

org.springframework.context.ApplicationContextException: Failed to start bean 'documentationPluginsBootstrapper'; nested exception is java.lang.NullPointerException: Cannot invoke "org.springframework.web.servlet.mvc.condition.PatternsRequestCondition.toString()" because the return value of "springfox.documentation.spi.service.contexts.Orderings.patternsCondition(springfox.documentation.RequestHandler)" is null
	at org.springframework.context.support.DefaultLifecycleProcessor.doStart(DefaultLifecycleProcessor.java:181) ~[spring-context-5.3.13.jar:5.3.13]
	at org.springframework.context.support.DefaultLifecycleProcessor.access$200(DefaultLifecycleProcessor.java:54) ~[spring-context-5.3.13.jar:5.3.13]
	at org.springframework.context.support.DefaultLifecycleProcessor$LifecycleGroup.start(DefaultLifecycleProcessor.java:356) ~[spring-context-5.3.13.jar:5.3.13]
	at java.base/java.lang.Iterable.forEach(Iterable.java:75) ~[na:na]
	at org.springframework.context.support.DefaultLifecycleProcessor.startBeans(DefaultLifecycleProcessor.java:155) ~[spring-context-5.3.13.jar:5.3.13]
	at org.springframework.context.support.DefaultLifecycleProcessor.onRefresh(DefaultLifecycleProcessor.java:123) ~[spring-context-5.3.13.jar:5.3.13]
	at org.springframework.context.support.AbstractApplicationContext.finishRefresh(AbstractApplicationContext.java:935) ~[spring-context-5.3.13.jar:5.3.13]
	at org.springframework.context.support.AbstractApplicationContext.refresh(AbstractApplicationContext.java:586) ~[spring-context-5.3.13.jar:5.3.13]
	at org.springframework.boot.web.servlet.context.ServletWebServerApplicationContext.refresh(ServletWebServerApplicationContext.java:145) ~[spring-boot-2.6.1.jar:2.6.1]
	at org.springframework.boot.SpringApplication.refresh(SpringApplication.java:730) ~[spring-boot-2.6.1.jar:2.6.1]
	at org.springframework.boot.SpringApplication.refreshContext(SpringApplication.java:412) ~[spring-boot-2.6.1.jar:2.6.1]
	at org.springframework.boot.SpringApplication.run(SpringApplication.java:302) ~[spring-boot-2.6.1.jar:2.6.1]
	at org.springframework.boot.SpringApplication.run(SpringApplication.java:1301) ~[spring-boot-2.6.1.jar:2.6.1]
	at org.springframework.boot.SpringApplication.run(SpringApplication.java:1290) ~[spring-boot-2.6.1.jar:2.6.1]
	at com.DemoGraphqlApplication.main(DemoGraphqlApplication.java:15) ~[classes/:na]
Caused by: java.lang.NullPointerException: Cannot invoke "org.springframework.web.servlet.mvc.condition.PatternsRequestCondition.toString()" because the return value of "springfox.documentation.spi.service.contexts.Orderings.patternsCondition(springfox.documentation.RequestHandler)" is null
	at springfox.documentation.spi.service.contexts.Orderings$8.compare(Orderings.java:113) ~[springfox-spi-2.6.1.jar:2.6.1]
	at springfox.documentation.spi.service.contexts.Orderings$8.compare(Orderings.java:110) ~[springfox-spi-2.6.1.jar:2.6.1]
	at com.google.common.collect.ComparatorOrdering.compare(ComparatorOrdering.java:37) ~[guava-26.0-jre.jar:na]
	at java.base/java.util.TimSort.countRunAndMakeAscending(TimSort.java:355) ~[na:na]
	at java.base/java.util.TimSort.sort(TimSort.java:220) ~[na:na]
	at java.base/java.util.Arrays.sort(Arrays.java:1233) ~[na:na]
	at com.google.common.collect.Ordering.sortedCopy(Ordering.java:852) ~[guava-26.0-jre.jar:na]
	at springfox.documentation.spring.web.plugins.WebMvcRequestHandlerProvider.requestHandlers(WebMvcRequestHandlerProvider.java:52) ~[springfox-spring-web-2.6.1.jar:2.6.1]
	at springfox.documentation.spring.web.plugins.DocumentationPluginsBootstrapper$1.apply(DocumentationPluginsBootstrapper.java:102) ~[springfox-spring-web-2.6.1.jar:2.6.1]
	at springfox.documentation.spring.web.plugins.DocumentationPluginsBootstrapper$1.apply(DocumentationPluginsBootstrapper.java:99) ~[springfox-spring-web-2.6.1.jar:2.6.1]
	at com.google.common.collect.Iterators$6.transform(Iterators.java:785) ~[guava-26.0-jre.jar:na]
	at com.google.common.collect.TransformedIterator.next(TransformedIterator.java:47) ~[guava-26.0-jre.jar:na]
	at com.google.common.collect.TransformedIterator.next(TransformedIterator.java:47) ~[guava-26.0-jre.jar:na]
	at com.google.common.collect.Iterators$ConcatenatedIterator.hasNext(Iterators.java:1332) ~[guava-26.0-jre.jar:na]
	at com.google.common.collect.ImmutableList.copyOf(ImmutableList.java:270) ~[guava-26.0-jre.jar:na]
	at com.google.common.collect.ImmutableList.copyOf(ImmutableList.java:234) ~[guava-26.0-jre.jar:na]
	at com.google.common.collect.FluentIterable.toList(FluentIterable.java:617) ~[guava-26.0-jre.jar:na]
	at springfox.documentation.spring.web.plugins.DocumentationPluginsBootstrapper.defaultContextBuilder(DocumentationPluginsBootstrapper.java:92) ~[springfox-spring-web-2.6.1.jar:2.6.1]
	at springfox.documentation.spring.web.plugins.DocumentationPluginsBootstrapper.buildContext(DocumentationPluginsBootstrapper.java:81) ~[springfox-spring-web-2.6.1.jar:2.6.1]
	at springfox.documentation.spring.web.plugins.DocumentationPluginsBootstrapper.start(DocumentationPluginsBootstrapper.java:127) ~[springfox-spring-web-2.6.1.jar:2.6.1]
	at org.springframework.context.support.DefaultLifecycleProcessor.doStart(DefaultLifecycleProcessor.java:178) ~[spring-context-5.3.13.jar:5.3.13]
	... 14 common frames omitted

2021-12-22 11:26:34.477  INFO 5768 --- [main] com.DemoGraphqlApplication               : Starting DemoGraphqlApplication using Java 17.0.1 on ORIS with PID 5768 (C:\Users\Oris\IdeaProjects\demoGraphql\target\classes started by Oris in C:\Users\Oris\IdeaProjects\demoGraphql)
2021-12-22 11:26:34.480  INFO 5768 --- [main] com.DemoGraphqlApplication               : No active profile set, falling back to default profiles: default
2021-12-22 11:26:37.885  INFO 5768 --- [main] .s.d.r.c.RepositoryConfigurationDelegate : Bootstrapping Spring Data JPA repositories in DEFAULT mode.
2021-12-22 11:26:38.554  INFO 5768 --- [main] .s.d.r.c.RepositoryConfigurationDelegate : Finished Spring Data repository scanning in 658 ms. Found 2 JPA repository interfaces.
2021-12-22 11:26:40.186  INFO 5768 --- [main] o.s.b.w.embedded.tomcat.TomcatWebServer  : Tomcat initialized with port(s): 8080 (http)
2021-12-22 11:26:40.206  INFO 5768 --- [main] o.apache.catalina.core.StandardService   : Starting service [Tomcat]
2021-12-22 11:26:40.208  INFO 5768 --- [main] org.apache.catalina.core.StandardEngine  : Starting Servlet engine: [Apache Tomcat/9.0.55]
2021-12-22 11:26:40.487  INFO 5768 --- [main] o.a.c.c.C.[Tomcat].[localhost].[/]       : Initializing Spring embedded WebApplicationContext
2021-12-22 11:26:40.488  INFO 5768 --- [main] w.s.c.ServletWebServerApplicationContext : Root WebApplicationContext: initialization completed in 5947 ms
2021-12-22 11:26:40.865  INFO 5768 --- [main] o.hibernate.jpa.internal.util.LogHelper  : HHH000204: Processing PersistenceUnitInfo [name: default]
2021-12-22 11:26:40.921  INFO 5768 --- [main] org.hibernate.Version                    : HHH000412: Hibernate ORM core version 5.6.1.Final
2021-12-22 11:26:41.084  INFO 5768 --- [main] o.hibernate.annotations.common.Version   : HCANN000001: Hibernate Commons Annotations {5.1.2.Final}
2021-12-22 11:26:41.225  INFO 5768 --- [main] com.zaxxer.hikari.HikariDataSource       : HikariPool-1 - Starting...
2021-12-22 11:26:41.391  INFO 5768 --- [main] com.zaxxer.hikari.HikariDataSource       : HikariPool-1 - Start completed.
2021-12-22 11:26:41.405  INFO 5768 --- [main] org.hibernate.dialect.Dialect            : HHH000400: Using dialect: org.hibernate.dialect.MySQLDialect
2021-12-22 11:26:41.975  INFO 5768 --- [main] o.h.e.t.j.p.i.JtaPlatformInitiator       : HHH000490: Using JtaPlatform implementation: [org.hibernate.engine.transaction.jta.platform.internal.NoJtaPlatform]
2021-12-22 11:26:41.987  INFO 5768 --- [main] j.LocalContainerEntityManagerFactoryBean : Initialized JPA EntityManagerFactory for persistence unit 'default'
2021-12-22 11:26:43.529  WARN 5768 --- [main] c.c.graphql.tools.SchemaClassScanner     : Schema type was defined but can never be accessed, and can be safely deleted: Category
2021-12-22 11:26:44.130  WARN 5768 --- [main] JpaBaseConfiguration$JpaWebConfiguration : spring.jpa.open-in-view is enabled by default. Therefore, database queries may be performed during view rendering. Explicitly configure spring.jpa.open-in-view to disable this warning
2021-12-22 11:26:44.553  INFO 5768 --- [main] o.s.b.w.embedded.tomcat.TomcatWebServer  : Tomcat started on port(s): 8080 (http) with context path ''
2021-12-22 11:26:44.572  INFO 5768 --- [main] com.DemoGraphqlApplication               : Started DemoGraphqlApplication in 10.626 seconds (JVM running for 11.67)
2021-12-22 11:27:11.411  INFO 5768 --- [http-nio-8080-exec-1] o.a.c.c.C.[Tomcat].[localhost].[/]       : Initializing Spring DispatcherServlet 'dispatcherServlet'
2021-12-22 11:27:11.411  INFO 5768 --- [http-nio-8080-exec-1] o.s.web.servlet.DispatcherServlet        : Initializing Servlet 'dispatcherServlet'
2021-12-22 11:27:11.413  INFO 5768 --- [http-nio-8080-exec-1] o.s.web.servlet.DispatcherServlet        : Completed initialization in 2 ms
2021-12-22 11:27:19.818  INFO 5768 --- [SpringApplicationShutdownHook] j.LocalContainerEntityManagerFactoryBean : Closing JPA EntityManagerFactory for persistence unit 'default'
2021-12-22 11:27:19.822  INFO 5768 --- [SpringApplicationShutdownHook] com.zaxxer.hikari.HikariDataSource       : HikariPool-1 - Shutdown initiated...
2021-12-22 11:27:19.833  INFO 5768 --- [SpringApplicationShutdownHook] com.zaxxer.hikari.HikariDataSource       : HikariPool-1 - Shutdown completed.
2021-12-22 11:27:42.961  INFO 15016 --- [main] com.DemoGraphqlApplication               : Starting DemoGraphqlApplication using Java 17.0.1 on ORIS with PID 15016 (C:\Users\Oris\IdeaProjects\demoGraphql\target\classes started by Oris in C:\Users\Oris\IdeaProjects\demoGraphql)
2021-12-22 11:27:42.965  INFO 15016 --- [main] com.DemoGraphqlApplication               : No active profile set, falling back to default profiles: default
2021-12-22 11:27:46.900  INFO 15016 --- [main] .s.d.r.c.RepositoryConfigurationDelegate : Bootstrapping Spring Data JPA repositories in DEFAULT mode.
2021-12-22 11:27:47.534  INFO 15016 --- [main] .s.d.r.c.RepositoryConfigurationDelegate : Finished Spring Data repository scanning in 620 ms. Found 2 JPA repository interfaces.
2021-12-22 11:27:48.613  INFO 15016 --- [main] o.s.b.w.embedded.tomcat.TomcatWebServer  : Tomcat initialized with port(s): 8080 (http)
2021-12-22 11:27:48.622  INFO 15016 --- [main] o.apache.catalina.core.StandardService   : Starting service [Tomcat]
2021-12-22 11:27:48.622  INFO 15016 --- [main] org.apache.catalina.core.StandardEngine  : Starting Servlet engine: [Apache Tomcat/9.0.55]
2021-12-22 11:27:48.778  INFO 15016 --- [main] o.a.c.c.C.[Tomcat].[localhost].[/]       : Initializing Spring embedded WebApplicationContext
2021-12-22 11:27:48.779  INFO 15016 --- [main] w.s.c.ServletWebServerApplicationContext : Root WebApplicationContext: initialization completed in 5762 ms
2021-12-22 11:27:49.206  INFO 15016 --- [main] o.hibernate.jpa.internal.util.LogHelper  : HHH000204: Processing PersistenceUnitInfo [name: default]
2021-12-22 11:27:49.262  INFO 15016 --- [main] org.hibernate.Version                    : HHH000412: Hibernate ORM core version 5.6.1.Final
2021-12-22 11:27:49.377  INFO 15016 --- [main] o.hibernate.annotations.common.Version   : HCANN000001: Hibernate Commons Annotations {5.1.2.Final}
2021-12-22 11:27:49.473  INFO 15016 --- [main] com.zaxxer.hikari.HikariDataSource       : HikariPool-1 - Starting...
2021-12-22 11:27:49.618  INFO 15016 --- [main] com.zaxxer.hikari.HikariDataSource       : HikariPool-1 - Start completed.
2021-12-22 11:27:49.628  INFO 15016 --- [main] org.hibernate.dialect.Dialect            : HHH000400: Using dialect: org.hibernate.dialect.MySQLDialect
2021-12-22 11:27:52.206  INFO 15016 --- [main] o.h.e.t.j.p.i.JtaPlatformInitiator       : HHH000490: Using JtaPlatform implementation: [org.hibernate.engine.transaction.jta.platform.internal.NoJtaPlatform]
2021-12-22 11:27:52.226  INFO 15016 --- [main] j.LocalContainerEntityManagerFactoryBean : Initialized JPA EntityManagerFactory for persistence unit 'default'
2021-12-22 11:27:52.917  WARN 15016 --- [main] c.c.graphql.tools.SchemaClassScanner     : Schema type was defined but can never be accessed, and can be safely deleted: Category
2021-12-22 11:27:53.141  WARN 15016 --- [main] JpaBaseConfiguration$JpaWebConfiguration : spring.jpa.open-in-view is enabled by default. Therefore, database queries may be performed during view rendering. Explicitly configure spring.jpa.open-in-view to disable this warning
2021-12-22 11:27:53.697  INFO 15016 --- [main] o.s.b.w.embedded.tomcat.TomcatWebServer  : Tomcat started on port(s): 8080 (http) with context path ''
2021-12-22 11:27:53.717  INFO 15016 --- [main] com.DemoGraphqlApplication               : Started DemoGraphqlApplication in 11.199 seconds (JVM running for 12.116)
2021-12-22 11:27:57.978  INFO 15016 --- [http-nio-8080-exec-1] o.a.c.c.C.[Tomcat].[localhost].[/]       : Initializing Spring DispatcherServlet 'dispatcherServlet'
2021-12-22 11:27:57.979  INFO 15016 --- [http-nio-8080-exec-1] o.s.web.servlet.DispatcherServlet        : Initializing Servlet 'dispatcherServlet'
2021-12-22 11:27:57.980  INFO 15016 --- [http-nio-8080-exec-1] o.s.web.servlet.DispatcherServlet        : Completed initialization in 1 ms
2021-12-22 11:28:01.067  INFO 15016 --- [SpringApplicationShutdownHook] j.LocalContainerEntityManagerFactoryBean : Closing JPA EntityManagerFactory for persistence unit 'default'
2021-12-22 11:28:01.069  INFO 15016 --- [SpringApplicationShutdownHook] com.zaxxer.hikari.HikariDataSource       : HikariPool-1 - Shutdown initiated...
2021-12-22 11:28:01.077  INFO 15016 --- [SpringApplicationShutdownHook] com.zaxxer.hikari.HikariDataSource       : HikariPool-1 - Shutdown completed.
2021-12-22 11:28:28.148  INFO 8384 --- [main] com.DemoGraphqlApplication               : Starting DemoGraphqlApplication using Java 17.0.1 on ORIS with PID 8384 (C:\Users\Oris\IdeaProjects\demoGraphql\target\classes started by Oris in C:\Users\Oris\IdeaProjects\demoGraphql)
2021-12-22 11:28:28.151  INFO 8384 --- [main] com.DemoGraphqlApplication               : No active profile set, falling back to default profiles: default
2021-12-22 11:28:31.701  INFO 8384 --- [main] .s.d.r.c.RepositoryConfigurationDelegate : Bootstrapping Spring Data JPA repositories in DEFAULT mode.
2021-12-22 11:28:32.184  INFO 8384 --- [main] .s.d.r.c.RepositoryConfigurationDelegate : Finished Spring Data repository scanning in 473 ms. Found 2 JPA repository interfaces.
2021-12-22 11:28:33.600  INFO 8384 --- [main] o.s.b.w.embedded.tomcat.TomcatWebServer  : Tomcat initialized with port(s): 8080 (http)
2021-12-22 11:28:33.609  INFO 8384 --- [main] o.apache.catalina.core.StandardService   : Starting service [Tomcat]
2021-12-22 11:28:33.610  INFO 8384 --- [main] org.apache.catalina.core.StandardEngine  : Starting Servlet engine: [Apache Tomcat/9.0.55]
2021-12-22 11:28:33.732  INFO 8384 --- [main] o.a.c.c.C.[Tomcat].[localhost].[/]       : Initializing Spring embedded WebApplicationContext
2021-12-22 11:28:33.732  INFO 8384 --- [main] w.s.c.ServletWebServerApplicationContext : Root WebApplicationContext: initialization completed in 5531 ms
2021-12-22 11:28:34.000  INFO 8384 --- [main] o.hibernate.jpa.internal.util.LogHelper  : HHH000204: Processing PersistenceUnitInfo [name: default]
2021-12-22 11:28:34.043  INFO 8384 --- [main] org.hibernate.Version                    : HHH000412: Hibernate ORM core version 5.6.1.Final
2021-12-22 11:28:34.152  INFO 8384 --- [main] o.hibernate.annotations.common.Version   : HCANN000001: Hibernate Commons Annotations {5.1.2.Final}
2021-12-22 11:28:34.242  INFO 8384 --- [main] com.zaxxer.hikari.HikariDataSource       : HikariPool-1 - Starting...
2021-12-22 11:28:34.369  INFO 8384 --- [main] com.zaxxer.hikari.HikariDataSource       : HikariPool-1 - Start completed.
2021-12-22 11:28:34.379  INFO 8384 --- [main] org.hibernate.dialect.Dialect            : HHH000400: Using dialect: org.hibernate.dialect.MySQLDialect
2021-12-22 11:28:34.803  INFO 8384 --- [main] o.h.e.t.j.p.i.JtaPlatformInitiator       : HHH000490: Using JtaPlatform implementation: [org.hibernate.engine.transaction.jta.platform.internal.NoJtaPlatform]
2021-12-22 11:28:34.811  INFO 8384 --- [main] j.LocalContainerEntityManagerFactoryBean : Initialized JPA EntityManagerFactory for persistence unit 'default'
2021-12-22 11:28:36.739  WARN 8384 --- [main] c.c.graphql.tools.SchemaClassScanner     : Schema type was defined but can never be accessed, and can be safely deleted: Category
2021-12-22 11:28:37.012  WARN 8384 --- [main] JpaBaseConfiguration$JpaWebConfiguration : spring.jpa.open-in-view is enabled by default. Therefore, database queries may be performed during view rendering. Explicitly configure spring.jpa.open-in-view to disable this warning
2021-12-22 11:28:37.407  INFO 8384 --- [main] o.s.b.w.embedded.tomcat.TomcatWebServer  : Tomcat started on port(s): 8080 (http) with context path ''
2021-12-22 11:28:37.423  INFO 8384 --- [main] com.DemoGraphqlApplication               : Started DemoGraphqlApplication in 9.711 seconds (JVM running for 10.555)
2021-12-22 11:28:45.730  INFO 8384 --- [http-nio-8080-exec-1] o.a.c.c.C.[Tomcat].[localhost].[/]       : Initializing Spring DispatcherServlet 'dispatcherServlet'
2021-12-22 11:28:45.731  INFO 8384 --- [http-nio-8080-exec-1] o.s.web.servlet.DispatcherServlet        : Initializing Servlet 'dispatcherServlet'
2021-12-22 11:28:45.732  INFO 8384 --- [http-nio-8080-exec-1] o.s.web.servlet.DispatcherServlet        : Completed initialization in 1 ms
2021-12-22 11:28:51.315  INFO 8384 --- [SpringApplicationShutdownHook] j.LocalContainerEntityManagerFactoryBean : Closing JPA EntityManagerFactory for persistence unit 'default'
2021-12-22 11:28:51.317  INFO 8384 --- [SpringApplicationShutdownHook] com.zaxxer.hikari.HikariDataSource       : HikariPool-1 - Shutdown initiated...
2021-12-22 11:28:51.323  INFO 8384 --- [SpringApplicationShutdownHook] com.zaxxer.hikari.HikariDataSource       : HikariPool-1 - Shutdown completed.
2021-12-22 11:31:56.654  INFO 12756 --- [main] com.DemoGraphqlApplication               : Starting DemoGraphqlApplication using Java 17.0.1 on ORIS with PID 12756 (C:\Users\Oris\IdeaProjects\demoGraphql\target\classes started by Oris in C:\Users\Oris\IdeaProjects\demoGraphql)
2021-12-22 11:31:56.658  INFO 12756 --- [main] com.DemoGraphqlApplication               : No active profile set, falling back to default profiles: default
2021-12-22 11:32:03.122  INFO 12756 --- [main] .s.d.r.c.RepositoryConfigurationDelegate : Bootstrapping Spring Data JPA repositories in DEFAULT mode.
2021-12-22 11:32:04.164  INFO 12756 --- [main] .s.d.r.c.RepositoryConfigurationDelegate : Finished Spring Data repository scanning in 1025 ms. Found 2 JPA repository interfaces.
2021-12-22 11:32:05.712  INFO 12756 --- [main] o.s.b.w.embedded.tomcat.TomcatWebServer  : Tomcat initialized with port(s): 8080 (http)
2021-12-22 11:32:05.720  INFO 12756 --- [main] o.apache.catalina.core.StandardService   : Starting service [Tomcat]
2021-12-22 11:32:05.721  INFO 12756 --- [main] org.apache.catalina.core.StandardEngine  : Starting Servlet engine: [Apache Tomcat/9.0.55]
2021-12-22 11:32:05.845  INFO 12756 --- [main] o.a.c.c.C.[Tomcat].[localhost].[/]       : Initializing Spring embedded WebApplicationContext
2021-12-22 11:32:05.846  INFO 12756 --- [main] w.s.c.ServletWebServerApplicationContext : Root WebApplicationContext: initialization completed in 9107 ms
2021-12-22 11:32:06.125  INFO 12756 --- [main] o.hibernate.jpa.internal.util.LogHelper  : HHH000204: Processing PersistenceUnitInfo [name: default]
2021-12-22 11:32:06.165  INFO 12756 --- [main] org.hibernate.Version                    : HHH000412: Hibernate ORM core version 5.6.1.Final
2021-12-22 11:32:06.312  INFO 12756 --- [main] o.hibernate.annotations.common.Version   : HCANN000001: Hibernate Commons Annotations {5.1.2.Final}
2021-12-22 11:32:06.807  INFO 12756 --- [main] com.zaxxer.hikari.HikariDataSource       : HikariPool-1 - Starting...
2021-12-22 11:32:07.446  INFO 12756 --- [main] com.zaxxer.hikari.HikariDataSource       : HikariPool-1 - Start completed.
2021-12-22 11:32:07.466  INFO 12756 --- [main] org.hibernate.dialect.Dialect            : HHH000400: Using dialect: org.hibernate.dialect.MySQLDialect
2021-12-22 11:32:08.037  INFO 12756 --- [main] o.h.e.t.j.p.i.JtaPlatformInitiator       : HHH000490: Using JtaPlatform implementation: [org.hibernate.engine.transaction.jta.platform.internal.NoJtaPlatform]
2021-12-22 11:32:08.049  INFO 12756 --- [main] j.LocalContainerEntityManagerFactoryBean : Initialized JPA EntityManagerFactory for persistence unit 'default'
2021-12-22 11:32:09.757  WARN 12756 --- [main] c.c.graphql.tools.SchemaClassScanner     : Schema type was defined but can never be accessed, and can be safely deleted: Category
2021-12-22 11:32:09.966  WARN 12756 --- [main] JpaBaseConfiguration$JpaWebConfiguration : spring.jpa.open-in-view is enabled by default. Therefore, database queries may be performed during view rendering. Explicitly configure spring.jpa.open-in-view to disable this warning
2021-12-22 11:32:11.321  INFO 12756 --- [main] o.s.b.w.embedded.tomcat.TomcatWebServer  : Tomcat started on port(s): 8080 (http) with context path ''
2021-12-22 11:32:11.405  INFO 12756 --- [main] com.DemoGraphqlApplication               : Started DemoGraphqlApplication in 15.25 seconds (JVM running for 16.1)
2021-12-22 11:32:15.390  INFO 12756 --- [http-nio-8080-exec-1] o.a.c.c.C.[Tomcat].[localhost].[/]       : Initializing Spring DispatcherServlet 'dispatcherServlet'
2021-12-22 11:32:15.390  INFO 12756 --- [http-nio-8080-exec-1] o.s.web.servlet.DispatcherServlet        : Initializing Servlet 'dispatcherServlet'
2021-12-22 11:32:15.391  INFO 12756 --- [http-nio-8080-exec-1] o.s.web.servlet.DispatcherServlet        : Completed initialization in 1 ms
2021-12-22 11:32:22.474  INFO 12756 --- [SpringApplicationShutdownHook] j.LocalContainerEntityManagerFactoryBean : Closing JPA EntityManagerFactory for persistence unit 'default'
2021-12-22 11:32:22.483  INFO 12756 --- [SpringApplicationShutdownHook] com.zaxxer.hikari.HikariDataSource       : HikariPool-1 - Shutdown initiated...
2021-12-22 11:32:22.512  INFO 12756 --- [SpringApplicationShutdownHook] com.zaxxer.hikari.HikariDataSource       : HikariPool-1 - Shutdown completed.
